C:\08961ATTEMPT2\DX11TUT03\ENGINE\ENGINE\DEBUG\VC110.PDB
C:\08961ATTEMPT2\DX11TUT03\ENGINE\ENGINE\DEBUG\ALIENSCENEOBJECT.OBJ
C:\08961ATTEMPT2\DX11TUT03\ENGINE\ENGINE\DEBUG\BEZIERSCENEOBJECT.OBJ
C:\08961ATTEMPT2\DX11TUT03\ENGINE\ENGINE\DEBUG\ELLIPSOIDSCENEOBJECT.OBJ
C:\08961ATTEMPT2\DX11TUT03\ENGINE\ENGINE\DEBUG\GRAPHICSCLASS.OBJ
C:\08961ATTEMPT2\DX11TUT03\ENGINE\ENGINE\DEBUG\LIGHTINFO.OBJ
C:\08961ATTEMPT2\DX11TUT03\ENGINE\ENGINE\DEBUG\TERRAINSCENEOBJECT.OBJ
C:\08961ATTEMPT2\DX11TUT03\ENGINE\ENGINE\DEBUG\GEOALIENSCENEOBJECT.OBJ
C:\08961ATTEMPT2\DX11TUT03\ENGINE\ENGINE\DEBUG\GEOEXPLOSIONSCENEOBJECT.OBJ
C:\08961ATTEMPT2\DX11TUT03\ENGINE\ENGINE\DEBUG\GRAPHICSCONTEXT.OBJ
C:\08961ATTEMPT2\DX11TUT03\ENGINE\ENGINE\DEBUG\HLSL_INVOKER_TESS.OBJ
C:\08961ATTEMPT2\DX11TUT03\ENGINE\ENGINE\DEBUG\I_SCENEOBJECT.OBJ
C:\08961ATTEMPT2\DX11TUT03\ENGINE\ENGINE\DEBUG\MODELLIGHTINGCLASS.OBJ
C:\08961ATTEMPT2\DX11TUT03\ENGINE\ENGINE\DEBUG\QUADINVOKER.OBJ
C:\08961ATTEMPT2\DX11TUT03\ENGINE\ENGINE\DEBUG\RAYMARCHSCENEOBJECT.OBJ
C:\08961ATTEMPT2\DX11TUT03\ENGINE\ENGINE\DEBUG\SMOKESCENEOBJECT.OBJ
C:\08961ATTEMPT2\DX11TUT03\ENGINE\ENGINE\DEBUG\TEXTURESHADER.OBJ
C:\08961ATTEMPT2\DX11TUT03\ENGINE\ENGINE\DEBUG\TORRUSSCENEOBJECT.OBJ
C:\08961ATTEMPT2\DX11TUT03\ENGINE\ENGINE\DEBUG\D3DCLASS.OBJ
C:\08961ATTEMPT2\DX11TUT03\ENGINE\ENGINE\DEBUG\DEBUGWINDOWCLASS.OBJ
C:\08961ATTEMPT2\DX11TUT03\ENGINE\ENGINE\DEBUG\MAIN.OBJ
C:\08961ATTEMPT2\DX11TUT03\ENGINE\ENGINE\DEBUG\ORTHOWINDOWCLASS.OBJ
C:\08961ATTEMPT2\DX11TUT03\ENGINE\ENGINE\DEBUG\RENDERTEXTURECLASS.OBJ
C:\08961ATTEMPT2\DX11TUT03\ENGINE\ENGINE\DEBUG\SYSTEMCLASS.OBJ
C:\08961ATTEMPT2\DX11TUT03\ENGINE\ENGINE\DEBUG\BEZIERINVOKER.OBJ
C:\08961ATTEMPT2\DX11TUT03\ENGINE\ENGINE\DEBUG\MODELCLASS.OBJ
C:\08961ATTEMPT2\DX11TUT03\ENGINE\ENGINE\DEBUG\TEXTUREHANDLER.OBJ
C:\08961ATTEMPT2\DX11TUT03\ENGINE\ENGINE\DEBUG\COMPONENT.OBJ
C:\08961ATTEMPT2\DX11TUT03\ENGINE\ENGINE\DEBUG\INPUTCLASS.OBJ
C:\08961ATTEMPT2\DX11TUT03\ENGINE\ENGINE\DEBUG\POSITIONCLASS.OBJ
C:\08961ATTEMPT2\DX11TUT03\ENGINE\ENGINE\DEBUG\TIMERCLASS.OBJ
C:\08961ATTEMPT2\DX11TUT03\ENGINE\ENGINE\DEBUG\CAMERA.OBJ
C:\08961ATTEMPT2\DX11TUT03\ENGINE\ENGINE\DEBUG\ENTITY.OBJ
C:\08961ATTEMPT2\DX11TUT03\ENGINE\ENGINE\DEBUG\LIGHTSHADER.OBJ
C:\08961ATTEMPT2\DX11TUT03\ENGINE\ENGINE\DEBUG\LOGGER.OBJ
C:\08961Attempt2\dx11tut03\Engine\Debug\AlienPS.cso
C:\08961Attempt2\dx11tut03\Engine\Debug\AlienVS.cso
C:\08961Attempt2\dx11tut03\Engine\Debug\BézierDS.cso
C:\08961Attempt2\dx11tut03\Engine\Debug\BézierHS.cso
C:\08961Attempt2\dx11tut03\Engine\Debug\BézierPS.cso
C:\08961Attempt2\dx11tut03\Engine\Debug\BézierVS.cso
C:\08961Attempt2\dx11tut03\Engine\Debug\ColorCorrectionPS.cso
C:\08961Attempt2\dx11tut03\Engine\Debug\EllipsoidDS.cso
C:\08961Attempt2\dx11tut03\Engine\Debug\EllipsoidHS.cso
C:\08961Attempt2\dx11tut03\Engine\Debug\EllipsoidPS.cso
C:\08961Attempt2\dx11tut03\Engine\Debug\EllipsoidVS.cso
C:\08961Attempt2\dx11tut03\Engine\Debug\GeoAlienGS.cso
C:\08961Attempt2\dx11tut03\Engine\Debug\GeoAlienPS.cso
C:\08961Attempt2\dx11tut03\Engine\Debug\GeoAlienVS.cso
C:\08961Attempt2\dx11tut03\Engine\Debug\GeoExplosionGS.cso
C:\08961Attempt2\dx11tut03\Engine\Debug\GeoExplosionPS.cso
C:\08961Attempt2\dx11tut03\Engine\Debug\GeoSmokeDS.cso
C:\08961Attempt2\dx11tut03\Engine\Debug\GeoSmokeGS.cso
C:\08961Attempt2\dx11tut03\Engine\Debug\GeoSmokeHS.cso
C:\08961Attempt2\dx11tut03\Engine\Debug\GeoSmokePS.cso
C:\08961Attempt2\dx11tut03\Engine\Debug\GeoVS.cso
C:\08961Attempt2\dx11tut03\Engine\Debug\HorizontalblurPS.cso
C:\08961Attempt2\dx11tut03\Engine\Debug\HorizontalblurVS.cso
C:\08961Attempt2\dx11tut03\Engine\Debug\LightDS.cso
C:\08961Attempt2\dx11tut03\Engine\Debug\LightHS.cso
C:\08961Attempt2\dx11tut03\Engine\Debug\LightPS.cso
C:\08961Attempt2\dx11tut03\Engine\Debug\LightVS.cso
C:\08961Attempt2\dx11tut03\Engine\Debug\RayMarchPS.cso
C:\08961Attempt2\dx11tut03\Engine\Debug\ScreenSpaceVS.cso
C:\08961Attempt2\dx11tut03\Engine\Debug\SimpleTexturePS.cso
C:\08961Attempt2\dx11tut03\Engine\Debug\SimpleTextureVS.cso
C:\08961Attempt2\dx11tut03\Engine\Debug\TorusDS.cso
C:\08961Attempt2\dx11tut03\Engine\Debug\TorusHS.cso
C:\08961Attempt2\dx11tut03\Engine\Debug\TorusPS.cso
C:\08961Attempt2\dx11tut03\Engine\Debug\TorusVS.cso
C:\08961Attempt2\dx11tut03\Engine\Debug\VerticalblurPS.cso
C:\08961Attempt2\dx11tut03\Engine\Debug\verticalblurVS.cso
C:\08961ATTEMPT2\DX11TUT03\ENGINE\DEBUG\BéZIERDS.CSO
C:\08961ATTEMPT2\DX11TUT03\ENGINE\DEBUG\BéZIERHS.CSO
C:\08961ATTEMPT2\DX11TUT03\ENGINE\DEBUG\BéZIERPS.CSO
C:\08961ATTEMPT2\DX11TUT03\ENGINE\DEBUG\BéZIERVS.CSO
C:\08961ATTEMPT2\DX11TUT03\ENGINE\DEBUG\COLORCORRECTIONPS.CSO
C:\08961ATTEMPT2\DX11TUT03\ENGINE\DEBUG\ELLIPSOIDDS.CSO
C:\08961ATTEMPT2\DX11TUT03\ENGINE\DEBUG\ELLIPSOIDHS.CSO
C:\08961ATTEMPT2\DX11TUT03\ENGINE\DEBUG\ELLIPSOIDPS.CSO
C:\08961ATTEMPT2\DX11TUT03\ENGINE\DEBUG\ELLIPSOIDVS.CSO
C:\08961ATTEMPT2\DX11TUT03\ENGINE\DEBUG\GEOEXPLOSIONPS.CSO
C:\08961ATTEMPT2\DX11TUT03\ENGINE\DEBUG\GEOSMOKEDS.CSO
C:\08961ATTEMPT2\DX11TUT03\ENGINE\DEBUG\GEOSMOKEGS.CSO
C:\08961ATTEMPT2\DX11TUT03\ENGINE\DEBUG\GEOSMOKEHS.CSO
C:\08961ATTEMPT2\DX11TUT03\ENGINE\DEBUG\GEOSMOKEPS.CSO
C:\08961ATTEMPT2\DX11TUT03\ENGINE\DEBUG\GEOVS.CSO
C:\08961ATTEMPT2\DX11TUT03\ENGINE\DEBUG\HORIZONTALBLURPS.CSO
C:\08961ATTEMPT2\DX11TUT03\ENGINE\DEBUG\HORIZONTALBLURVS.CSO
C:\08961ATTEMPT2\DX11TUT03\ENGINE\DEBUG\LIGHTDS.CSO
C:\08961ATTEMPT2\DX11TUT03\ENGINE\DEBUG\LIGHTHS.CSO
C:\08961ATTEMPT2\DX11TUT03\ENGINE\DEBUG\LIGHTVS.CSO
C:\08961ATTEMPT2\DX11TUT03\ENGINE\DEBUG\RAYMARCHPS.CSO
C:\08961ATTEMPT2\DX11TUT03\ENGINE\DEBUG\SCREENSPACEVS.CSO
C:\08961ATTEMPT2\DX11TUT03\ENGINE\DEBUG\SIMPLETEXTUREPS.CSO
C:\08961ATTEMPT2\DX11TUT03\ENGINE\DEBUG\SIMPLETEXTUREVS.CSO
C:\08961ATTEMPT2\DX11TUT03\ENGINE\DEBUG\TORUSDS.CSO
C:\08961ATTEMPT2\DX11TUT03\ENGINE\DEBUG\TORUSHS.CSO
C:\08961ATTEMPT2\DX11TUT03\ENGINE\DEBUG\TORUSPS.CSO
C:\08961ATTEMPT2\DX11TUT03\ENGINE\DEBUG\TORUSVS.CSO
C:\08961ATTEMPT2\DX11TUT03\ENGINE\DEBUG\VERTICALBLURPS.CSO
C:\08961ATTEMPT2\DX11TUT03\ENGINE\DEBUG\VERTICALBLURVS.CSO
C:\08961ATTEMPT2\DX11TUT03\ENGINE\DEBUG\GEOALIENVS.CSO
C:\08961ATTEMPT2\DX11TUT03\ENGINE\DEBUG\ALIENVS.CSO
C:\08961ATTEMPT2\DX11TUT03\ENGINE\DEBUG\ALIENPS.CSO
C:\08961ATTEMPT2\DX11TUT03\ENGINE\DEBUG\GEOALIENPS.CSO
C:\08961ATTEMPT2\DX11TUT03\ENGINE\DEBUG\LIGHTPS.CSO
C:\08961ATTEMPT2\DX11TUT03\ENGINE\DEBUG\GEOEXPLOSIONGS.CSO
C:\08961ATTEMPT2\DX11TUT03\ENGINE\DEBUG\ENGINE.EXE
C:\08961ATTEMPT2\DX11TUT03\ENGINE\DEBUG\ENGINE.PDB
C:\08961Attempt2\dx11tut03\Engine\Engine\Debug\Engine.vcxprojResolveAssemblyReference.cache
C:\08961Attempt2\dx11tut03\Engine\Engine\Debug\AlienSceneObject.obj
C:\08961Attempt2\dx11tut03\Engine\Engine\Debug\BezierInvoker.obj
C:\08961Attempt2\dx11tut03\Engine\Engine\Debug\BezierSceneObject.obj
C:\08961Attempt2\dx11tut03\Engine\Engine\Debug\Camera.obj
C:\08961Attempt2\dx11tut03\Engine\Engine\Debug\component.obj
C:\08961Attempt2\dx11tut03\Engine\Engine\Debug\d3dclass.obj
C:\08961Attempt2\dx11tut03\Engine\Engine\Debug\debugwindowclass.obj
C:\08961Attempt2\dx11tut03\Engine\Engine\Debug\EllipsoidSceneObject.obj
C:\08961Attempt2\dx11tut03\Engine\Engine\Debug\Entity.obj
C:\08961Attempt2\dx11tut03\Engine\Engine\Debug\GeoAlienSceneObject.obj
C:\08961Attempt2\dx11tut03\Engine\Engine\Debug\GeoExplosionSceneObject.obj
C:\08961Attempt2\dx11tut03\Engine\Engine\Debug\graphicsclass.obj
C:\08961Attempt2\dx11tut03\Engine\Engine\Debug\GraphicsContext.obj
C:\08961Attempt2\dx11tut03\Engine\Engine\Debug\HLSL_invoker.obj
C:\08961Attempt2\dx11tut03\Engine\Engine\Debug\HLSL_invoker_tess.obj
C:\08961Attempt2\dx11tut03\Engine\Engine\Debug\inputclass.obj
C:\08961Attempt2\dx11tut03\Engine\Engine\Debug\I_SceneObject.obj
C:\08961Attempt2\dx11tut03\Engine\Engine\Debug\LightInfo.obj
C:\08961Attempt2\dx11tut03\Engine\Engine\Debug\LightShader.obj
C:\08961Attempt2\dx11tut03\Engine\Engine\Debug\Logger.obj
C:\08961Attempt2\dx11tut03\Engine\Engine\Debug\main.obj
C:\08961Attempt2\dx11tut03\Engine\Engine\Debug\ModelClass.obj
C:\08961Attempt2\dx11tut03\Engine\Engine\Debug\ModelLightingClass.obj
C:\08961Attempt2\dx11tut03\Engine\Engine\Debug\orthowindowclass.obj
C:\08961Attempt2\dx11tut03\Engine\Engine\Debug\positionclass.obj
C:\08961Attempt2\dx11tut03\Engine\Engine\Debug\QuadInvoker.obj
C:\08961Attempt2\dx11tut03\Engine\Engine\Debug\RayMarchSceneObject.obj
C:\08961Attempt2\dx11tut03\Engine\Engine\Debug\rendertextureclass.obj
C:\08961Attempt2\dx11tut03\Engine\Engine\Debug\SmokeSceneObject.obj
C:\08961Attempt2\dx11tut03\Engine\Engine\Debug\systemclass.obj
C:\08961Attempt2\dx11tut03\Engine\Engine\Debug\TerrainSceneObject.obj
C:\08961Attempt2\dx11tut03\Engine\Engine\Debug\TextureHandler.obj
C:\08961Attempt2\dx11tut03\Engine\Engine\Debug\TextureShader.obj
C:\08961Attempt2\dx11tut03\Engine\Engine\Debug\timerclass.obj
C:\08961Attempt2\dx11tut03\Engine\Engine\Debug\TorrusSceneObject.obj
C:\08961Attempt2\dx11tut03\Engine\Engine\Debug\cl.command.1.tlog
C:\08961Attempt2\dx11tut03\Engine\Engine\Debug\CL.read.1.tlog
C:\08961Attempt2\dx11tut03\Engine\Engine\Debug\CL.write.1.tlog
C:\08961Attempt2\dx11tut03\Engine\Engine\Debug\Engine.write.1.tlog
C:\08961Attempt2\dx11tut03\Engine\Engine\Debug\FXC.command.1.tlog
C:\08961Attempt2\dx11tut03\Engine\Engine\Debug\fxc.read.1.tlog
C:\08961Attempt2\dx11tut03\Engine\Engine\Debug\fxc.write.1.tlog
C:\08961Attempt2\dx11tut03\Engine\Engine\Debug\link-cvtres.read.1.tlog
C:\08961Attempt2\dx11tut03\Engine\Engine\Debug\link-cvtres.write.1.tlog
C:\08961Attempt2\dx11tut03\Engine\Engine\Debug\link-rc.read.1.tlog
C:\08961Attempt2\dx11tut03\Engine\Engine\Debug\link-rc.write.1.tlog
C:\08961Attempt2\dx11tut03\Engine\Engine\Debug\link.command.1.tlog
C:\08961Attempt2\dx11tut03\Engine\Engine\Debug\link.read.1.tlog
C:\08961Attempt2\dx11tut03\Engine\Engine\Debug\link.write.1.tlog
C:\08961Attempt2\dx11tut03\Engine\Engine\Debug\vc110.idb
C:\08961Attempt2\dx11tut03\Engine\Engine\Debug\vc110.pdb
C:\08961Attempt2\dx11tut03\Engine\Debug\Engine.pdb
C:\08961Attempt2\dx11tut03\Engine\Debug\Engine.exe
